# JRE version: OpenJDK Runtime Environment (21.0.10) (build 21.0.10+-14961533-b1163.108)
# Java VM: OpenJDK 64-Bit Server VM (21.0.10+-14961533-b1163.108, mixed mode, tiered, compressed oops, compressed class ptrs, g1 gc, windows-amd64)
GC Precious Log:
 CardTable entry size: 512
 Card Set container configuration: InlinePtr #cards 4 size 8 Array Of Cards #cards 16 size 48 Howl #buckets 8 coarsen threshold 3686 Howl Bitmap #cards 512 size 80 coarsen threshold 460 Card regions per heap region 1 cards per card region 4096
 CPUs: 12 total, 12 available
 Memory: 15920M
 Large Page Support: Disabled
 NUMA Support: Disabled
 Compressed Oops: Enabled (Zero based)
 Heap Region Size: 2M
 Heap Min Capacity: 8M
 Heap Initial Capacity: 250M
 Heap Max Capacity: 3982M
 Pre-touch: Disabled
 Parallel Workers: 10
 Concurrent Workers: 3
 Concurrent Refinement Workers: 10
 Periodic GC: Disabled
Heap:
 garbage-first heap   total 223232K, used 137815K [0x0000000707200000, 0x0000000800000000)
  region size 2048K, 7 young (14336K), 2 survivors (4096K)
 Metaspace       used 87806K, committed 88192K, reserved 1179648K
  class space    used 9595K, committed 9728K, reserved 1048576K
GC Heap History (20 events):
Event: 9.854 GC heap before
{Heap before GC invocations=11 (full 0):
 garbage-first heap   total 100352K, used 75875K [0x0000000707200000, 0x0000000800000000)
  region size 2048K, 22 young (45056K), 4 survivors (8192K)
 Metaspace       used 51989K, committed 52288K, reserved 1114112K
  class space    used 6073K, committed 6208K, reserved 1048576K
}
Event: 9.914 GC heap after
{Heap after GC invocations=12 (full 0):
 garbage-first heap   total 122880K, used 55719K [0x0000000707200000, 0x0000000800000000)
  region size 2048K, 3 young (6144K), 3 survivors (6144K)
 Metaspace       used 51989K, committed 52288K, reserved 1114112K
  class space    used 6073K, committed 6208K, reserved 1048576K
}
Event: 11.442 GC heap before
{Heap before GC invocations=12 (full 0):
 garbage-first heap   total 122880K, used 94631K [0x0000000707200000, 0x0000000800000000)
  region size 2048K, 22 young (45056K), 3 survivors (6144K)
 Metaspace       used 56948K, committed 57216K, reserved 1114112K
  class space    used 6677K, committed 6784K, reserved 1048576K
}
Event: 11.472 GC heap after
{Heap after GC invocations=13 (full 0):
 garbage-first heap   total 122880K, used 63911K [0x0000000707200000, 0x0000000800000000)
  region size 2048K, 3 young (6144K), 3 survivors (6144K)
 Metaspace       used 56948K, committed 57216K, reserved 1114112K
  class space    used 6677K, committed 6784K, reserved 1048576K
}
Event: 12.433 GC heap before
{Heap before GC invocations=13 (full 0):
 garbage-first heap   total 122880K, used 98727K [0x0000000707200000, 0x0000000800000000)
  region size 2048K, 20 young (40960K), 3 survivors (6144K)
 Metaspace       used 58095K, committed 58432K, reserved 1114112K
  class space    used 6783K, committed 6912K, reserved 1048576K
}
Event: 12.466 GC heap after
{Heap after GC invocations=14 (full 0):
 garbage-first heap   total 122880K, used 72716K [0x0000000707200000, 0x0000000800000000)
  region size 2048K, 3 young (6144K), 3 survivors (6144K)
 Metaspace       used 58095K, committed 58432K, reserved 1114112K
  class space    used 6783K, committed 6912K, reserved 1048576K
}
Event: 13.237 GC heap before
{Heap before GC invocations=15 (full 0):
 garbage-first heap   total 122880K, used 101388K [0x0000000707200000, 0x0000000800000000)
  region size 2048K, 17 young (34816K), 3 survivors (6144K)
 Metaspace       used 58523K, committed 58880K, reserved 1114112K
  class space    used 6820K, committed 6976K, reserved 1048576K
}
Event: 13.275 GC heap after
{Heap after GC invocations=16 (full 0):
 garbage-first heap   total 122880K, used 79271K [0x0000000707200000, 0x0000000800000000)
  region size 2048K, 3 young (6144K), 3 survivors (6144K)
 Metaspace       used 58523K, committed 58880K, reserved 1114112K
  class space    used 6820K, committed 6976K, reserved 1048576K
}
Event: 13.874 GC heap before
{Heap before GC invocations=16 (full 0):
 garbage-first heap   total 122880K, used 103847K [0x0000000707200000, 0x0000000800000000)
  region size 2048K, 15 young (30720K), 3 survivors (6144K)
 Metaspace       used 59060K, committed 59392K, reserved 1114112K
  class space    used 6855K, committed 6976K, reserved 1048576K
}
Event: 13.906 GC heap after
{Heap after GC invocations=17 (full 0):
 garbage-first heap   total 194560K, used 85051K [0x0000000707200000, 0x0000000800000000)
  region size 2048K, 2 young (4096K), 2 survivors (4096K)
 Metaspace       used 59060K, committed 59392K, reserved 1114112K
  class space    used 6855K, committed 6976K, reserved 1048576K
}
Event: 16.601 GC heap before
{Heap before GC invocations=17 (full 0):
 garbage-first heap   total 194560K, used 154683K [0x0000000707200000, 0x0000000800000000)
  region size 2048K, 36 young (73728K), 2 survivors (4096K)
 Metaspace       used 63587K, committed 63936K, reserved 1114112K
  class space    used 7262K, committed 7424K, reserved 1048576K
}
Event: 16.624 GC heap after
{Heap after GC invocations=18 (full 0):
 garbage-first heap   total 194560K, used 97258K [0x0000000707200000, 0x0000000800000000)
  region size 2048K, 5 young (10240K), 5 survivors (10240K)
 Metaspace       used 63587K, committed 63936K, reserved 1114112K
  class space    used 7262K, committed 7424K, reserved 1048576K
}
Event: 20.917 GC heap before
{Heap before GC invocations=18 (full 0):
 garbage-first heap   total 194560K, used 158698K [0x0000000707200000, 0x0000000800000000)
  region size 2048K, 35 young (71680K), 5 survivors (10240K)
 Metaspace       used 70785K, committed 71168K, reserved 1114112K
  class space    used 7900K, committed 8064K, reserved 1048576K
}
Event: 20.960 GC heap after
{Heap after GC invocations=19 (full 0):
 garbage-first heap   total 194560K, used 108553K [0x0000000707200000, 0x0000000800000000)
  region size 2048K, 5 young (10240K), 5 survivors (10240K)
 Metaspace       used 70785K, committed 71168K, reserved 1114112K
  class space    used 7900K, committed 8064K, reserved 1048576K
}
Event: 22.399 GC heap before
{Heap before GC invocations=20 (full 0):
 garbage-first heap   total 194560K, used 163849K [0x0000000707200000, 0x0000000800000000)
  region size 2048K, 32 young (65536K), 5 survivors (10240K)
 Metaspace       used 74078K, committed 74432K, reserved 1179648K
  class space    used 8217K, committed 8384K, reserved 1048576K
}
Event: 22.431 GC heap after
{Heap after GC invocations=21 (full 0):
 garbage-first heap   total 194560K, used 119569K [0x0000000707200000, 0x0000000800000000)
  region size 2048K, 4 young (8192K), 4 survivors (8192K)
 Metaspace       used 74078K, committed 74432K, reserved 1179648K
  class space    used 8217K, committed 8384K, reserved 1048576K
}
Event: 24.350 GC heap before
{Heap before GC invocations=21 (full 0):
 garbage-first heap   total 194560K, used 166673K [0x0000000707200000, 0x0000000800000000)
  region size 2048K, 27 young (55296K), 4 survivors (8192K)
 Metaspace       used 79399K, committed 79744K, reserved 1179648K
  class space    used 8807K, committed 8960K, reserved 1048576K
}
Event: 24.378 GC heap after
{Heap after GC invocations=22 (full 0):
 garbage-first heap   total 194560K, used 127476K [0x0000000707200000, 0x0000000800000000)
  region size 2048K, 4 young (8192K), 4 survivors (8192K)
 Metaspace       used 79399K, committed 79744K, reserved 1179648K
  class space    used 8807K, committed 8960K, reserved 1048576K
}
Event: 27.263 GC heap before
{Heap before GC invocations=22 (full 0):
 garbage-first heap   total 194560K, used 168436K [0x0000000707200000, 0x0000000800000000)
  region size 2048K, 25 young (51200K), 4 survivors (8192K)
 Metaspace       used 87095K, committed 87488K, reserved 1179648K
  class space    used 9547K, committed 9728K, reserved 1048576K
}
Event: 27.290 GC heap after
{Heap after GC invocations=23 (full 0):
 garbage-first heap   total 194560K, used 129623K [0x0000000707200000, 0x0000000800000000)
  region size 2048K, 2 young (4096K), 2 survivors (4096K)
 Metaspace       used 87095K, committed 87488K, reserved 1179648K
  class space    used 9547K, committed 9728K, reserved 1048576K
}

